<?xml version="1.0" encoding="UTF-8"?>
<!-- Generated by org.testng.reporters.JUnitXMLReporter -->
<testsuite hostname="RANADEEP_BANIK" ignored="0" name="Test_Framework-Basic_Tests" tests="3" failures="1" timestamp="15 Apr 2020 07:06:59 GMT" time="64.085" errors="0">
  <testcase name="failedTest" time="0.037" classname="com.ui.testautomation.CovidIndiaUITest">
    <skipped/>
  </testcase> <!-- failedTest -->
  <testcase name="failedTest" time="0.004" classname="com.ui.testautomation.CovidIndiaUITest">
    <skipped/>
  </testcase> <!-- failedTest -->
  <testcase name="failedTest" time="0.002" classname="com.ui.testautomation.CovidIndiaUITest">
    <failure type="java.lang.AssertionError" message="Test failed">
      <![CDATA[java.lang.AssertionError: Test failed
	at com.ui.testautomation.CovidIndiaUITest.failedTest(CovidIndiaUITest.java:55)
... Removed 30 stack frames]]>
    </failure>
  </testcase> <!-- failedTest -->
</testsuite> <!-- Test_Framework-Basic_Tests -->
